<?xml version="1.0" encoding="UTF-8"?>
<!-- Generated by org.testng.reporters.JUnitReportReporter -->
<testsuite hostname="DESKTOP-MDNVJIO" failures="0" tests="1" name="Casespage.Loginpagecase" time="140.902" errors="0" timestamp="23 Jul 2021 11:50:07 GMT" skipped="0">
  <testcase classname="Casespage.Loginpagecase" name="loginpage" time="140.902"/>
</testsuite> <!-- Casespage.Loginpagecase -->
